app/progress/page.tsx(218,66): error TS2304: Cannot find name 'WeightLog'.
app/progress/page.tsx(460,28): error TS7006: Parameter 'condition' implicitly has an 'any' type.
app/progress/page.tsx(460,39): error TS7006: Parameter 'idx' implicitly has an 'any' type.
app/progress/page.tsx(526,30): error TS7006: Parameter 'med' implicitly has an 'any' type.
app/progress/page.tsx(526,35): error TS7006: Parameter 'idx' implicitly has an 'any' type.
components/charts/MacroPieChart.tsx(73,41): error TS18046: 'percent' is of type 'unknown'.
components/gallery/SocialMediaCard.tsx(77,75): error TS2345: Argument of type 'Error' is not assignable to parameter of type 'LogContext'.
  Index signature for type 'string' is missing in type 'Error'.
components/health/MedicationScanner.tsx(92,24): error TS2339: Property 'patientName' does not exist on type 'MedicationInfo'.
components/health/MedicationScanner.tsx(93,37): error TS2339: Property 'patientName' does not exist on type 'MedicationInfo'.
components/health/MedicationScanner.tsx(216,24): error TS2345: Argument of type 'MedicationInfo[]' is not assignable to parameter of type 'SetStateAction<ScannedMedication[]>'.
  Type 'MedicationInfo[]' is not assignable to type 'ScannedMedication[]'.
    Property 'scannedAt' is missing in type 'MedicationInfo' but required in type 'ScannedMedication'.
hooks/useInvitations.ts(56,77): error TS2345: Argument of type 'FamilyInvitationForm' is not assignable to parameter of type 'Omit<FamilyInvitation, "createdAt" | "status" | "id" | "expiresAt" | "inviteCode">'.
  Type 'FamilyInvitationForm' is missing the following properties from type 'Omit<FamilyInvitation, "createdAt" | "status" | "id" | "expiresAt" | "inviteCode">': invitedByUserId, invitedByName
hooks/usePatients.ts(62,73): error TS2345: Argument of type 'Omit<PatientProfile, "createdAt" | "userId" | "id" | "lastModified">' is not assignable to parameter of type 'Omit<PatientProfile, "createdAt" | "id" | "lastModified">'.
  Property 'userId' is missing in type 'Omit<PatientProfile, "createdAt" | "userId" | "id" | "lastModified">' but required in type 'Omit<PatientProfile, "createdAt" | "id" | "lastModified">'.
lib/appointment-recommendations.ts(176,45): error TS2367: This comparison appears to be unintentional because the types 'VitalType' and '"blood-pressure"' have no overlap.
lib/appointment-recommendations.ts(178,48): error TS2339: Property 'split' does not exist on type 'VitalValue'.
  Property 'split' does not exist on type 'number'.
lib/appointment-recommendations.ts(186,50): error TS2367: This comparison appears to be unintentional because the types 'VitalType' and '"glucose"' have no overlap.
lib/appointment-recommendations.ts(196,45): error TS2367: This comparison appears to be unintentional because the types 'VitalType' and '"heart-rate"' have no overlap.
lib/appointment-recommendations.ts(252,44): error TS2367: This comparison appears to be unintentional because the types 'AppointmentType' and '"nutritionist"' have no overlap.
lib/appointment-recommendations.ts(255,73): error TS2367: This comparison appears to be unintentional because the types 'AppointmentType' and '"primary-care"' have no overlap.
lib/appointment-recommendations.ts(258,69): error TS2367: This comparison appears to be unintentional because the types 'AppointmentType' and '"mental-health"' have no overlap.
lib/barcode-scanner.ts(61,7): error TS2353: Object literal may only specify known properties, and 'error' does not exist in type 'Error'.
lib/social-media-cards.ts(401,65): error TS2353: Object literal may only specify known properties, and 'url' does not exist in type 'Error'.
lib/social-media-cards.ts(419,68): error TS2353: Object literal may only specify known properties, and 'url' does not exist in type 'Error'.
