app/patients/[patientId]/page.tsx(65,52): error TS2304: Cannot find name 'VitalSign'.
app/patients/[patientId]/page.tsx(292,15): error TS2304: Cannot find name 'updateVital'.
app/patients/[patientId]/page.tsx(315,35): error TS2304: Cannot find name 'VitalSign'.
app/patients/[patientId]/page.tsx(328,13): error TS2552: Cannot find name 'deleteVital'. Did you mean 'deletingVital'?
app/recipes/page.tsx(201,63): error TS18047: 'memberProfile' is possibly 'null'.
components/dev/SubscriptionSimulator.tsx(64,83): error TS2349: This expression is not callable.
  Type 'Boolean' has no call signatures.
components/dev/SubscriptionSimulator.tsx(67,92): error TS2448: Block-scoped variable 'familyFeaturesEnabled' used before its declaration.
components/dev/SubscriptionSimulator.tsx(67,92): error TS2454: Variable 'familyFeaturesEnabled' is used before being assigned.
components/family/InviteModal.tsx(121,9): error TS2353: Object literal may only specify known properties, and 'familyRole' does not exist in type 'FamilyInvitationForm'.
components/family/InviteModal.tsx(159,9): error TS2353: Object literal may only specify known properties, and 'familyRole' does not exist in type 'FamilyInvitationForm'.
components/patients/PatientCard.tsx(59,59): error TS2345: Argument of type 'import("C:/Users/percy/wlpl/weightlossprojectlab/types/medical").WeightLog | null' is not assignable to parameter of type 'import("C:/Users/percy/wlpl/weightlossprojectlab/types/index").WeightLog | null'.
  Property 'dataSource' is missing in type 'import("C:/Users/percy/wlpl/weightlossprojectlab/types/medical").WeightLog' but required in type 'import("C:/Users/percy/wlpl/weightlossprojectlab/types/index").WeightLog'.
lib/medical-recipe-engine.ts(91,30): error TS2339: Property 'healthConditions' does not exist on type 'PatientProfile'.
lib/medical-recipe-engine.ts(94,22): error TS7006: Parameter 'condition' implicitly has an 'any' type.
lib/member-recipe-engine.ts(110,33): error TS2339: Property 'healthConditions' does not exist on type 'PatientProfile'.
lib/member-recipe-engine.ts(124,19): error TS2552: Cannot find name 'analyzeRecipeSafety'. Did you mean 'analyzedRecipes'?
lib/member-recipe-engine.ts(150,46): error TS7006: Parameter 'b' implicitly has an 'any' type.
lib/user-role-helper.ts(28,35): error TS2339: Property 'preferences' does not exist on type 'UserProfile'.
lib/user-role-helper.ts(31,32): error TS2339: Property 'preferences' does not exist on type 'UserProfile'.
